<?xml version="1.0" encoding="UTF-8"?>
<!-- Generated by org.testng.reporters.JUnitReportReporter -->
<testsuite hostname="meomeo-PC" name="testCases.executeTest$ExecuteTest" tests="1" failures="0" timestamp="1 Sep 2017 07:04:32 GMT" time="151.325" errors="0">
  <testcase name="testLogin" time="151.325" classname="testCases.executeTest$ExecuteTest"/>
</testsuite> <!-- testCases.executeTest$ExecuteTest -->
